[Sat Jan  7 13:01:58 CST 2017]Starting check KafkaToReal process...
Restart crashed proc KafkaToReal...Done!
[Sat Jan  7 13:01:58 CST 2017]Starting check RedisDaemon process...
Restart crashed proc RedisDaemon...Done!
[Sat Jan  7 13:01:58 CST 2017]Starting check Alarmer process...
Restart crashed proc Alarmer...Done!
[Sat Jan  7 13:01:58 CST 2017]Starting check StringPusher process...
Restart crashed proc StringPusher...
Error restarting proc StringPusher. Ensure executing script  is existing and readable. Nothing will be done.
[Sat Jan  7 13:01:58 CST 2017]Starting check SubString process...
Restart crashed proc SubString...Done!

[Sat Jan  7 13:02:03 CST 2017]Starting check KafkaToReal process...
Restart crashed proc KafkaToReal...Done!
[Sat Jan  7 13:02:04 CST 2017]Starting check RedisDaemon process...
Restart crashed proc RedisDaemon...Done!
[Sat Jan  7 13:02:04 CST 2017]Starting check Alarmer process...
Restart crashed proc Alarmer...Done!
[Sat Jan  7 13:02:04 CST 2017]Starting check StringPusher process...
Restart crashed proc StringPusher...
Error restarting proc StringPusher. Ensure executing script  is existing and readable. Nothing will be done.
[Sat Jan  7 13:02:04 CST 2017]Starting check SubString process...
Restart crashed proc SubString...Done!

[Sat Jan  7 13:02:09 CST 2017]Starting check KafkaToReal process...
Restart crashed proc KafkaToReal...Done!
[Sat Jan  7 13:02:09 CST 2017]Starting check RedisDaemon process...
Restart crashed proc RedisDaemon...Done!
[Sat Jan  7 13:02:09 CST 2017]Starting check Alarmer process...
Restart crashed proc Alarmer...Done!
[Sat Jan  7 13:02:10 CST 2017]Starting check StringPusher process...
Restart crashed proc StringPusher...
Error restarting proc StringPusher. Ensure executing script  is existing and readable. Nothing will be done.
[Sat Jan  7 13:02:10 CST 2017]Starting check SubString process...
Restart crashed proc SubString...Done!

[Sat Jan  7 13:02:15 CST 2017]Starting check KafkaToReal process...
Restart crashed proc KafkaToReal...Done!
[Sat Jan  7 13:02:15 CST 2017]Starting check RedisDaemon process...
Restart crashed proc RedisDaemon...Done!
[Sat Jan  7 13:02:15 CST 2017]Starting check Alarmer process...
Restart crashed proc Alarmer...Done!
[Sat Jan  7 13:02:15 CST 2017]Starting check StringPusher process...
Restart crashed proc StringPusher...
Error restarting proc StringPusher. Ensure executing script  is existing and readable. Nothing will be done.
[Sat Jan  7 13:02:15 CST 2017]Starting check SubString process...
Restart crashed proc SubString...Done!

[Sat Jan  7 13:02:20 CST 2017]Starting check KafkaToReal process...
Restart crashed proc KafkaToReal...Done!
[Sat Jan  7 13:02:21 CST 2017]Starting check RedisDaemon process...
Restart crashed proc RedisDaemon...Done!
[Sat Jan  7 13:02:21 CST 2017]Starting check Alarmer process...
Restart crashed proc Alarmer...Done!
[Sat Jan  7 13:02:21 CST 2017]Starting check StringPusher process...
Restart crashed proc StringPusher...
Error restarting proc StringPusher. Ensure executing script  is existing and readable. Nothing will be done.
[Sat Jan  7 13:02:21 CST 2017]Starting check SubString process...
Restart crashed proc SubString...Done!

[Sat Jan  7 13:02:26 CST 2017]Starting check KafkaToReal process...
Restart crashed proc KafkaToReal...Done!
[Sat Jan  7 13:02:26 CST 2017]Starting check RedisDaemon process...
Restart crashed proc RedisDaemon...Done!
[Sat Jan  7 13:02:26 CST 2017]Starting check Alarmer process...
Restart crashed proc Alarmer...Done!
[Sat Jan  7 13:02:27 CST 2017]Starting check StringPusher process...
Restart crashed proc StringPusher...
Error restarting proc StringPusher. Ensure executing script  is existing and readable. Nothing will be done.
[Sat Jan  7 13:02:27 CST 2017]Starting check SubString process...
Restart crashed proc SubString...Done!

[Sat Jan  7 13:02:32 CST 2017]Starting check KafkaToReal process...
Restart crashed proc KafkaToReal...Done!
[Sat Jan  7 13:02:32 CST 2017]Starting check RedisDaemon process...
Restart crashed proc RedisDaemon...Done!
[Sat Jan  7 13:02:32 CST 2017]Starting check Alarmer process...
Restart crashed proc Alarmer...Done!
[Sat Jan  7 13:02:32 CST 2017]Starting check StringPusher process...
Restart crashed proc StringPusher...
Error restarting proc StringPusher. Ensure executing script  is existing and readable. Nothing will be done.
[Sat Jan  7 13:02:32 CST 2017]Starting check SubString process...
Restart crashed proc SubString...Done!

[Sat Jan  7 13:02:38 CST 2017]Starting check KafkaToReal process...
Restart crashed proc KafkaToReal...Done!
[Sat Jan  7 13:02:38 CST 2017]Starting check RedisDaemon process...
Restart crashed proc RedisDaemon...Done!
[Sat Jan  7 13:02:38 CST 2017]Starting check Alarmer process...
Restart crashed proc Alarmer...Done!
[Sat Jan  7 13:02:38 CST 2017]Starting check StringPusher process...
Restart crashed proc StringPusher...
Error restarting proc StringPusher. Ensure executing script  is existing and readable. Nothing will be done.
[Sat Jan  7 13:02:38 CST 2017]Starting check SubString process...
Restart crashed proc SubString...Done!

[Sat Jan  7 13:02:43 CST 2017]Starting check KafkaToReal process...
Restart crashed proc KafkaToReal...Done!
[Sat Jan  7 13:02:44 CST 2017]Starting check RedisDaemon process...
Restart crashed proc RedisDaemon...Done!
[Sat Jan  7 13:02:44 CST 2017]Starting check Alarmer process...
Restart crashed proc Alarmer...Done!
[Sat Jan  7 13:02:44 CST 2017]Starting check StringPusher process...
Restart crashed proc StringPusher...
Error restarting proc StringPusher. Ensure executing script  is existing and readable. Nothing will be done.
[Sat Jan  7 13:02:44 CST 2017]Starting check SubString process...
Restart crashed proc SubString...Done!

[Sat Jan  7 13:02:49 CST 2017]Starting check KafkaToReal process...
Restart crashed proc KafkaToReal...Done!
[Sat Jan  7 13:02:49 CST 2017]Starting check RedisDaemon process...
Restart crashed proc RedisDaemon...Done!
[Sat Jan  7 13:02:49 CST 2017]Starting check Alarmer process...
Restart crashed proc Alarmer...Done!
[Sat Jan  7 13:02:49 CST 2017]Starting check StringPusher process...
Restart crashed proc StringPusher...
Error restarting proc StringPusher. Ensure executing script  is existing and readable. Nothing will be done.
[Sat Jan  7 13:02:50 CST 2017]Starting check SubString process...
Restart crashed proc SubString...Done!

[Sat Jan  7 13:02:55 CST 2017]Starting check KafkaToReal process...
Restart crashed proc KafkaToReal...Done!
[Sat Jan  7 13:02:55 CST 2017]Starting check RedisDaemon process...
Restart crashed proc RedisDaemon...Done!
[Sat Jan  7 13:02:55 CST 2017]Starting check Alarmer process...
Restart crashed proc Alarmer...Done!
[Sat Jan  7 13:02:55 CST 2017]Starting check StringPusher process...
Restart crashed proc StringPusher...
Error restarting proc StringPusher. Ensure executing script  is existing and readable. Nothing will be done.
[Sat Jan  7 13:02:55 CST 2017]Starting check SubString process...
Restart crashed proc SubString...Done!

[Sat Jan  7 13:03:01 CST 2017]Starting check KafkaToReal process...
Restart crashed proc KafkaToReal...Done!
[Sat Jan  7 13:03:01 CST 2017]Starting check RedisDaemon process...
Restart crashed proc RedisDaemon...Done!
[Sat Jan  7 13:03:01 CST 2017]Starting check Alarmer process...
Restart crashed proc Alarmer...Done!
[Sat Jan  7 13:03:01 CST 2017]Starting check StringPusher process...
Restart crashed proc StringPusher...
Error restarting proc StringPusher. Ensure executing script  is existing and readable. Nothing will be done.
[Sat Jan  7 13:03:01 CST 2017]Starting check SubString process...
Restart crashed proc SubString...Done!

[Sat Jan  7 13:03:06 CST 2017]Starting check KafkaToReal process...
Restart crashed proc KafkaToReal...Done!
[Sat Jan  7 13:03:06 CST 2017]Starting check RedisDaemon process...
Restart crashed proc RedisDaemon...Done!
[Sat Jan  7 13:03:07 CST 2017]Starting check Alarmer process...
Restart crashed proc Alarmer...Done!
[Sat Jan  7 13:03:07 CST 2017]Starting check StringPusher process...
Restart crashed proc StringPusher...
Error restarting proc StringPusher. Ensure executing script  is existing and readable. Nothing will be done.
[Sat Jan  7 13:03:07 CST 2017]Starting check SubString process...
Restart crashed proc SubString...Done!

[Sat Jan  7 13:03:12 CST 2017]Starting check KafkaToReal process...
Restart crashed proc KafkaToReal...Done!
[Sat Jan  7 13:03:12 CST 2017]Starting check RedisDaemon process...
Restart crashed proc RedisDaemon...Done!
[Sat Jan  7 13:03:12 CST 2017]Starting check Alarmer process...
Restart crashed proc Alarmer...Done!
[Sat Jan  7 13:03:12 CST 2017]Starting check StringPusher process...
Restart crashed proc StringPusher...
Error restarting proc StringPusher. Ensure executing script  is existing and readable. Nothing will be done.
[Sat Jan  7 13:03:13 CST 2017]Starting check SubString process...
Restart crashed proc SubString...Done!

[Sat Jan  7 13:03:18 CST 2017]Starting check KafkaToReal process...
Restart crashed proc KafkaToReal...Done!
[Sat Jan  7 13:03:18 CST 2017]Starting check RedisDaemon process...
Restart crashed proc RedisDaemon...Done!
[Sat Jan  7 13:03:18 CST 2017]Starting check Alarmer process...
Restart crashed proc Alarmer...Done!
[Sat Jan  7 13:03:18 CST 2017]Starting check StringPusher process...
Restart crashed proc StringPusher...
Error restarting proc StringPusher. Ensure executing script  is existing and readable. Nothing will be done.
[Sat Jan  7 13:03:18 CST 2017]Starting check SubString process...
Restart crashed proc SubString...Done!

[Sat Jan  7 13:03:23 CST 2017]Starting check KafkaToReal process...
Restart crashed proc KafkaToReal...Done!
[Sat Jan  7 13:03:24 CST 2017]Starting check RedisDaemon process...
Restart crashed proc RedisDaemon...Done!
[Sat Jan  7 13:03:24 CST 2017]Starting check Alarmer process...
Restart crashed proc Alarmer...Done!
[Sat Jan  7 13:03:24 CST 2017]Starting check StringPusher process...
Restart crashed proc StringPusher...
Error restarting proc StringPusher. Ensure executing script  is existing and readable. Nothing will be done.
[Sat Jan  7 13:03:24 CST 2017]Starting check SubString process...
Restart crashed proc SubString...Done!

[Sat Jan  7 13:03:29 CST 2017]Starting check KafkaToReal process...
Restart crashed proc KafkaToReal...Done!
[Sat Jan  7 13:03:29 CST 2017]Starting check RedisDaemon process...
Restart crashed proc RedisDaemon...Done!
[Sat Jan  7 13:03:29 CST 2017]Starting check Alarmer process...
Restart crashed proc Alarmer...Done!
[Sat Jan  7 13:03:30 CST 2017]Starting check StringPusher process...
Restart crashed proc StringPusher...
Error restarting proc StringPusher. Ensure executing script  is existing and readable. Nothing will be done.
[Sat Jan  7 13:03:30 CST 2017]Starting check SubString process...
Restart crashed proc SubString...Done!

[Sat Jan  7 13:03:35 CST 2017]Starting check KafkaToReal process...
Restart crashed proc KafkaToReal...Done!
[Sat Jan  7 13:03:35 CST 2017]Starting check RedisDaemon process...
Restart crashed proc RedisDaemon...Done!
[Sat Jan  7 13:03:35 CST 2017]Starting check Alarmer process...
Restart crashed proc Alarmer...Done!
[Sat Jan  7 13:03:35 CST 2017]Starting check StringPusher process...
Restart crashed proc StringPusher...
Error restarting proc StringPusher. Ensure executing script  is existing and readable. Nothing will be done.
[Sat Jan  7 13:03:35 CST 2017]Starting check SubString process...
Restart crashed proc SubString...Done!

[Sat Jan  7 13:03:41 CST 2017]Starting check KafkaToReal process...
Restart crashed proc KafkaToReal...Done!
[Sat Jan  7 13:03:41 CST 2017]Starting check RedisDaemon process...
Restart crashed proc RedisDaemon...Done!
[Sat Jan  7 13:03:41 CST 2017]Starting check Alarmer process...
Restart crashed proc Alarmer...Done!
[Sat Jan  7 13:03:41 CST 2017]Starting check StringPusher process...
Restart crashed proc StringPusher...
Error restarting proc StringPusher. Ensure executing script  is existing and readable. Nothing will be done.
[Sat Jan  7 13:03:41 CST 2017]Starting check SubString process...
Restart crashed proc SubString...Done!

[Sat Jan  7 13:03:46 CST 2017]Starting check KafkaToReal process...
Restart crashed proc KafkaToReal...Done!
[Sat Jan  7 13:03:46 CST 2017]Starting check RedisDaemon process...
Restart crashed proc RedisDaemon...Done!
[Sat Jan  7 13:03:47 CST 2017]Starting check Alarmer process...
Restart crashed proc Alarmer...Done!
[Sat Jan  7 13:03:47 CST 2017]Starting check StringPusher process...
Restart crashed proc StringPusher...
Error restarting proc StringPusher. Ensure executing script  is existing and readable. Nothing will be done.
[Sat Jan  7 13:03:47 CST 2017]Starting check SubString process...
Restart crashed proc SubString...Done!

[Sat Jan  7 13:03:52 CST 2017]Starting check KafkaToReal process...
Restart crashed proc KafkaToReal...Done!
[Sat Jan  7 13:03:52 CST 2017]Starting check RedisDaemon process...
Restart crashed proc RedisDaemon...Done!
[Sat Jan  7 13:03:52 CST 2017]Starting check Alarmer process...
Restart crashed proc Alarmer...Done!
[Sat Jan  7 13:03:52 CST 2017]Starting check StringPusher process...
Restart crashed proc StringPusher...
Error restarting proc StringPusher. Ensure executing script  is existing and readable. Nothing will be done.
[Sat Jan  7 13:03:52 CST 2017]Starting check SubString process...
Restart crashed proc SubString...Done!

[Sat Jan  7 13:03:58 CST 2017]Starting check KafkaToReal process...
Restart crashed proc KafkaToReal...Done!
[Sat Jan  7 13:03:58 CST 2017]Starting check RedisDaemon process...
Restart crashed proc RedisDaemon...Done!
[Sat Jan  7 13:03:58 CST 2017]Starting check Alarmer process...
Restart crashed proc Alarmer...Done!
[Sat Jan  7 13:03:58 CST 2017]Starting check StringPusher process...
Restart crashed proc StringPusher...
Error restarting proc StringPusher. Ensure executing script  is existing and readable. Nothing will be done.
[Sat Jan  7 13:03:58 CST 2017]Starting check SubString process...
Restart crashed proc SubString...Done!

[Sat Jan  7 13:04:03 CST 2017]Starting check KafkaToReal process...
Restart crashed proc KafkaToReal...Done!
[Sat Jan  7 13:04:03 CST 2017]Starting check RedisDaemon process...
Restart crashed proc RedisDaemon...Done!
[Sat Jan  7 13:04:04 CST 2017]Starting check Alarmer process...
Restart crashed proc Alarmer...Done!
[Sat Jan  7 13:04:04 CST 2017]Starting check StringPusher process...
Restart crashed proc StringPusher...
Error restarting proc StringPusher. Ensure executing script  is existing and readable. Nothing will be done.
[Sat Jan  7 13:04:04 CST 2017]Starting check SubString process...
Restart crashed proc SubString...Done!

[Sat Jan  7 13:04:09 CST 2017]Starting check KafkaToReal process...
Restart crashed proc KafkaToReal...Done!
[Sat Jan  7 13:04:09 CST 2017]Starting check RedisDaemon process...
Restart crashed proc RedisDaemon...Done!
[Sat Jan  7 13:04:09 CST 2017]Starting check Alarmer process...
Restart crashed proc Alarmer...Done!
[Sat Jan  7 13:04:09 CST 2017]Starting check StringPusher process...
Restart crashed proc StringPusher...
Error restarting proc StringPusher. Ensure executing script  is existing and readable. Nothing will be done.
[Sat Jan  7 13:04:09 CST 2017]Starting check SubString process...
Restart crashed proc SubString...Done!

[Sat Jan  7 13:04:15 CST 2017]Starting check KafkaToReal process...
Restart crashed proc KafkaToReal...Done!
[Sat Jan  7 13:04:15 CST 2017]Starting check RedisDaemon process...
Restart crashed proc RedisDaemon...Done!
[Sat Jan  7 13:04:15 CST 2017]Starting check Alarmer process...
Restart crashed proc Alarmer...Done!
[Sat Jan  7 13:04:15 CST 2017]Starting check StringPusher process...
Restart crashed proc StringPusher...
Error restarting proc StringPusher. Ensure executing script  is existing and readable. Nothing will be done.
[Sat Jan  7 13:04:15 CST 2017]Starting check SubString process...
Restart crashed proc SubString...Done!

[Sat Jan  7 13:04:20 CST 2017]Starting check KafkaToReal process...
Restart crashed proc KafkaToReal...Done!
[Sat Jan  7 13:04:20 CST 2017]Starting check RedisDaemon process...
Restart crashed proc RedisDaemon...Done!
[Sat Jan  7 13:04:21 CST 2017]Starting check Alarmer process...
Restart crashed proc Alarmer...Done!
[Sat Jan  7 13:04:21 CST 2017]Starting check StringPusher process...
Restart crashed proc StringPusher...
Error restarting proc StringPusher. Ensure executing script  is existing and readable. Nothing will be done.
[Sat Jan  7 13:04:21 CST 2017]Starting check SubString process...
Restart crashed proc SubString...Done!

[Sat Jan  7 13:04:26 CST 2017]Starting check KafkaToReal process...
Restart crashed proc KafkaToReal...Done!
[Sat Jan  7 13:04:26 CST 2017]Starting check RedisDaemon process...
Restart crashed proc RedisDaemon...Done!
[Sat Jan  7 13:04:26 CST 2017]Starting check Alarmer process...
Restart crashed proc Alarmer...Done!
[Sat Jan  7 13:04:26 CST 2017]Starting check StringPusher process...
Restart crashed proc StringPusher...
Error restarting proc StringPusher. Ensure executing script  is existing and readable. Nothing will be done.
[Sat Jan  7 13:04:27 CST 2017]Starting check SubString process...
Restart crashed proc SubString...Done!

[Sat Jan  7 13:04:32 CST 2017]Starting check KafkaToReal process...
Restart crashed proc KafkaToReal...Done!
[Sat Jan  7 13:04:32 CST 2017]Starting check RedisDaemon process...
Restart crashed proc RedisDaemon...Done!
[Sat Jan  7 13:04:32 CST 2017]Starting check Alarmer process...
Restart crashed proc Alarmer...Done!
[Sat Jan  7 13:04:32 CST 2017]Starting check StringPusher process...
Restart crashed proc StringPusher...
Error restarting proc StringPusher. Ensure executing script  is existing and readable. Nothing will be done.
[Sat Jan  7 13:04:32 CST 2017]Starting check SubString process...
Restart crashed proc SubString...Done!

[Sat Jan  7 13:04:37 CST 2017]Starting check KafkaToReal process...
Restart crashed proc KafkaToReal...Done!
[Sat Jan  7 13:04:38 CST 2017]Starting check RedisDaemon process...
Restart crashed proc RedisDaemon...Done!
[Sat Jan  7 13:04:38 CST 2017]Starting check Alarmer process...
Restart crashed proc Alarmer...Done!
[Sat Jan  7 13:04:38 CST 2017]Starting check StringPusher process...
Restart crashed proc StringPusher...
Error restarting proc StringPusher. Ensure executing script  is existing and readable. Nothing will be done.
[Sat Jan  7 13:04:38 CST 2017]Starting check SubString process...
Restart crashed proc SubString...Done!

[Sat Jan  7 13:04:43 CST 2017]Starting check KafkaToReal process...
Restart crashed proc KafkaToReal...Done!
[Sat Jan  7 13:04:43 CST 2017]Starting check RedisDaemon process...
Restart crashed proc RedisDaemon...Done!
[Sat Jan  7 13:04:43 CST 2017]Starting check Alarmer process...
Restart crashed proc Alarmer...Done!
[Sat Jan  7 13:04:44 CST 2017]Starting check StringPusher process...
Restart crashed proc StringPusher...
Error restarting proc StringPusher. Ensure executing script  is existing and readable. Nothing will be done.
[Sat Jan  7 13:04:44 CST 2017]Starting check SubString process...
Restart crashed proc SubString...Done!

[Sat Jan  7 13:04:49 CST 2017]Starting check KafkaToReal process...
Restart crashed proc KafkaToReal...Done!
[Sat Jan  7 13:04:49 CST 2017]Starting check RedisDaemon process...
Restart crashed proc RedisDaemon...Done!
[Sat Jan  7 13:04:49 CST 2017]Starting check Alarmer process...
Restart crashed proc Alarmer...Done!
[Sat Jan  7 13:04:49 CST 2017]Starting check StringPusher process...
Restart crashed proc StringPusher...
Error restarting proc StringPusher. Ensure executing script  is existing and readable. Nothing will be done.
[Sat Jan  7 13:04:49 CST 2017]Starting check SubString process...
Restart crashed proc SubString...Done!
